[0102/202910.493:ERROR:process_reader_win.cc(233)] ReadMemory at 0x745a0000 of 64 bytes failed: Only part of a ReadProcessMemory or WriteProcessMemory request was completed. (0x12B)
[0102/202910.512:WARNING:pe_image_reader.cc(281)] could not read dos header from C:\WINDOWS\System32\CRYPTBASE.dll
[0102/202910.512:ERROR:process_reader_win.cc(233)] ReadMemory at 0x745b0000 of 64 bytes failed: Only part of a ReadProcessMemory or WriteProcessMemory request was completed. (0x12B)
[0102/202910.512:WARNING:pe_image_reader.cc(281)] could not read dos header from C:\WINDOWS\System32\SspiCli.dll
[0102/202910.512:ERROR:process_reader_win.cc(233)] ReadMemory at 0x776b0000 of 64 bytes failed: Only part of a ReadProcessMemory or WriteProcessMemory request was completed. (0x12B)
[0102/202910.526:WARNING:pe_image_reader.cc(281)] could not read dos header from C:\WINDOWS\System32\RPCRT4.dll
[0102/202910.526:ERROR:process_reader_win.cc(233)] ReadMemory at 0x76dc0000 of 64 bytes failed: Only part of a ReadProcessMemory or WriteProcessMemory request was completed. (0x12B)
[0102/202910.526:WARNING:pe_image_reader.cc(281)] could not read dos header from C:\WINDOWS\System32\sechost.dll
[0102/202910.526:ERROR:process_reader_win.cc(233)] ReadMemory at 0x775d0000 of 64 bytes failed: Only part of a ReadProcessMemory or WriteProcessMemory request was completed. (0x12B)
[0102/202910.526:WARNING:pe_image_reader.cc(281)] could not read dos header from C:\WINDOWS\System32\ucrtbase.dll
[0102/202910.526:ERROR:process_reader_win.cc(233)] ReadMemory at 0x74630000 of 64 bytes failed: Only part of a ReadProcessMemory or WriteProcessMemory request was completed. (0x12B)
[0102/202910.526:WARNING:pe_image_reader.cc(281)] could not read dos header from C:\WINDOWS\System32\combase.dll
[0102/202910.526:ERROR:process_reader_win.cc(233)] ReadMemory at 0x75c30000 of 64 bytes failed: Only part of a ReadProcessMemory or WriteProcessMemory request was completed. (0x12B)
[0102/202910.526:WARNING:pe_image_reader.cc(281)] could not read dos header from C:\WINDOWS\System32\win32u.dll
[0102/202910.526:ERROR:process_reader_win.cc(233)] ReadMemory at 0x767f0000 of 64 bytes failed: Only part of a ReadProcessMemory or WriteProcessMemory request was completed. (0x12B)
[0102/202910.526:WARNING:pe_image_reader.cc(281)] could not read dos header from C:\WINDOWS\System32\USER32.dll
[0102/202910.526:ERROR:process_reader_win.cc(233)] ReadMemory at 0x75dc0000 of 64 bytes failed: Only part of a ReadProcessMemory or WriteProcessMemory request was completed. (0x12B)
[0102/202910.526:WARNING:pe_image_reader.cc(281)] could not read dos header from C:\WINDOWS\System32\gdi32full.dll
[0102/202910.526:ERROR:process_reader_win.cc(233)] ReadMemory at 0x77510000 of 64 bytes failed: Only part of a ReadProcessMemory or WriteProcessMemory request was completed. (0x12B)
[0102/202910.527:WARNING:pe_image_reader.cc(281)] could not read dos header from C:\WINDOWS\System32\GDI32.dll
[0102/202910.527:ERROR:process_reader_win.cc(233)] ReadMemory at 0x76640000 of 64 bytes failed: Only part of a ReadProcessMemory or WriteProcessMemory request was completed. (0x12B)
[0102/202910.527:WARNING:pe_image_reader.cc(281)] could not read dos header from C:\WINDOWS\System32\IMM32.DLL
[0102/202910.527:ERROR:process_reader_win.cc(233)] ReadMemory at 0x75f20000 of 64 bytes failed: Only part of a ReadProcessMemory or WriteProcessMemory request was completed. (0x12B)
[0102/202910.527:WARNING:pe_image_reader.cc(281)] could not read dos header from C:\WINDOWS\System32\SHLWAPI.dll
[0102/202910.527:ERROR:process_reader_win.cc(233)] ReadMemory at 0x73cd0000 of 64 bytes failed: Only part of a ReadProcessMemory or WriteProcessMemory request was completed. (0x12B)
[0102/202910.527:WARNING:pe_image_reader.cc(281)] could not read dos header from C:\WINDOWS\SYSTEM32\UxTheme.dll
[0102/202910.527:ERROR:process_reader_win.cc(233)] ReadMemory at 0x76e10000 of 64 bytes failed: Only part of a ReadProcessMemory or WriteProcessMemory request was completed. (0x12B)
[0102/202910.527:WARNING:pe_image_reader.cc(281)] could not read dos header from C:\WINDOWS\System32\cfgmgr32.dll
[0102/202910.527:ERROR:process_reader_win.cc(233)] ReadMemory at 0x740b0000 of 64 bytes failed: Only part of a ReadProcessMemory or WriteProcessMemory request was completed. (0x12B)
[0102/202910.527:WARNING:pe_image_reader.cc(281)] could not read dos header from C:\WINDOWS\SYSTEM32\WINMMBASE.dll
[0102/202910.527:ERROR:process_reader_win.cc(233)] ReadMemory at 0x740e0000 of 64 bytes failed: Only part of a ReadProcessMemory or WriteProcessMemory request was completed. (0x12B)
[0102/202910.527:WARNING:pe_image_reader.cc(281)] could not read dos header from C:\WINDOWS\SYSTEM32\WINMM.dll
[0102/202910.527:ERROR:process_reader_win.cc(233)] ReadMemory at 0x73680000 of 64 bytes failed: Only part of a ReadProcessMemory or WriteProcessMemory request was completed. (0x12B)
[0102/202910.527:WARNING:pe_image_reader.cc(281)] could not read dos header from C:\WINDOWS\SYSTEM32\samcli.dll
[0102/202910.527:ERROR:process_reader_win.cc(233)] ReadMemory at 0x76700000 of 64 bytes failed: Only part of a ReadProcessMemory or WriteProcessMemory request was completed. (0x12B)
[0102/202910.527:WARNING:pe_image_reader.cc(281)] could not read dos header from C:\WINDOWS\System32\ole32.dll
[0102/202910.527:ERROR:process_reader_win.cc(233)] ReadMemory at 0x77490000 of 64 bytes failed: Only part of a ReadProcessMemory or WriteProcessMemory request was completed. (0x12B)
[0102/202910.527:WARNING:pe_image_reader.cc(281)] could not read dos header from C:\WINDOWS\System32\msvcp_win.dll
[0102/202910.527:ERROR:process_reader_win.cc(233)] ReadMemory at 0x762c0000 of 64 bytes failed: Only part of a ReadProcessMemory or WriteProcessMemory request was completed. (0x12B)
[0102/202910.527:WARNING:pe_image_reader.cc(281)] could not read dos header from C:\WINDOWS\System32\OLEAUT32.dll
[0102/202910.527:ERROR:process_reader_win.cc(233)] ReadMemory at 0x75c50000 of 64 bytes failed: Only part of a ReadProcessMemory or WriteProcessMemory request was completed. (0x12B)
[0102/202910.527:WARNING:pe_image_reader.cc(281)] could not read dos header from C:\WINDOWS\System32\advapi32.dll
[0102/202910.527:ERROR:process_reader_win.cc(233)] ReadMemory at 0x6cf20000 of 64 bytes failed: Only part of a ReadProcessMemory or WriteProcessMemory request was completed. (0x12B)
[0102/202910.527:WARNING:pe_image_reader.cc(281)] could not read dos header from C:\WINDOWS\SYSTEM32\MSACM32.dll
[0102/202910.527:ERROR:process_reader_win.cc(233)] ReadMemory at 0x74130000 of 64 bytes failed: Only part of a ReadProcessMemory or WriteProcessMemory request was completed. (0x12B)
[0102/202910.527:WARNING:pe_image_reader.cc(281)] could not read dos header from C:\WINDOWS\SYSTEM32\VERSION.dll
[0102/202910.527:ERROR:process_reader_win.cc(233)] ReadMemory at 0x773c0000 of 64 bytes failed: Only part of a ReadProcessMemory or WriteProcessMemory request was completed. (0x12B)
[0102/202910.527:WARNING:pe_image_reader.cc(281)] could not read dos header from C:\WINDOWS\System32\powrprof.dll
[0102/202910.527:ERROR:process_reader_win.cc(233)] ReadMemory at 0x77900000 of 64 bytes failed: Only part of a ReadProcessMemory or WriteProcessMemory request was completed. (0x12B)
[0102/202910.527:WARNING:pe_image_reader.cc(281)] could not read dos header from C:\WINDOWS\System32\kernel.appcore.dll
[0102/202910.527:ERROR:process_reader_win.cc(233)] ReadMemory at 0x76670000 of 64 bytes failed: Only part of a ReadProcessMemory or WriteProcessMemory request was completed. (0x12B)
[0102/202910.527:WARNING:pe_image_reader.cc(281)] could not read dos header from C:\WINDOWS\System32\shcore.dll
[0102/202910.527:ERROR:process_reader_win.cc(233)] ReadMemory at 0x775b0000 of 64 bytes failed: Only part of a ReadProcessMemory or WriteProcessMemory request was completed. (0x12B)
[0102/202910.527:WARNING:pe_image_reader.cc(281)] could not read dos header from C:\WINDOWS\System32\profapi.dll
[0102/202910.527:ERROR:process_reader_win.cc(233)] ReadMemory at 0x76e50000 of 64 bytes failed: Only part of a ReadProcessMemory or WriteProcessMemory request was completed. (0x12B)
[0102/202910.527:WARNING:pe_image_reader.cc(281)] could not read dos header from C:\WINDOWS\System32\windows.storage.dll
[0102/202910.528:ERROR:process_reader_win.cc(233)] ReadMemory at 0x74850000 of 64 bytes failed: Only part of a ReadProcessMemory or WriteProcessMemory request was completed. (0x12B)
[0102/202910.528:WARNING:pe_image_reader.cc(281)] could not read dos header from C:\WINDOWS\System32\SHELL32.dll
[0102/202910.528:ERROR:process_reader_win.cc(233)] ReadMemory at 0x74580000 of 64 bytes failed: Only part of a ReadProcessMemory or WriteProcessMemory request was completed. (0x12B)
[0102/202910.528:WARNING:pe_image_reader.cc(281)] could not read dos header from C:\WINDOWS\SYSTEM32\USERENV.dll
[0102/202910.528:ERROR:process_reader_win.cc(233)] ReadMemory at 0x6c700000 of 64 bytes failed: Only part of a ReadProcessMemory or WriteProcessMemory request was completed. (0x12B)
[0102/202910.528:WARNING:pe_image_reader.cc(281)] could not read dos header from C:\WINDOWS\SYSTEM32\dwmapi.dll
[0102/202910.528:ERROR:process_reader_win.cc(233)] ReadMemory at 0x6cad0000 of 64 bytes failed: Only part of a ReadProcessMemory or WriteProcessMemory request was completed. (0x12B)
[0102/202910.528:WARNING:pe_image_reader.cc(281)] could not read dos header from C:\WINDOWS\SYSTEM32\iertutil.dll
[0102/202910.528:ERROR:process_reader_win.cc(233)] ReadMemory at 0x6c920000 of 64 bytes failed: Only part of a ReadProcessMemory or WriteProcessMemory request was completed. (0x12B)
[0102/202910.528:WARNING:pe_image_reader.cc(281)] could not read dos header from C:\WINDOWS\SYSTEM32\urlmon.dll
[0102/202910.528:ERROR:process_reader_win.cc(233)] ReadMemory at 0x73d50000 of 64 bytes failed: Only part of a ReadProcessMemory or WriteProcessMemory request was completed. (0x12B)
[0102/202910.528:WARNING:pe_image_reader.cc(281)] could not read dos header from C:\WINDOWS\SYSTEM32\bcrypt.dll
[0102/202910.528:ERROR:process_reader_win.cc(233)] ReadMemory at 0x6f2d0000 of 64 bytes failed: Only part of a ReadProcessMemory or WriteProcessMemory request was completed. (0x12B)
[0102/202910.528:WARNING:pe_image_reader.cc(281)] could not read dos header from C:\WINDOWS\SYSTEM32\WINSPOOL.DRV
[0102/202910.528:ERROR:process_reader_win.cc(233)] ReadMemory at 0x701e0000 of 64 bytes failed: Only part of a ReadProcessMemory or WriteProcessMemory request was completed. (0x12B)
[0102/202910.528:WARNING:pe_image_reader.cc(281)] could not read dos header from C:\WINDOWS\SYSTEM32\MPR.dll
[0102/202910.528:ERROR:process_reader_win.cc(233)] ReadMemory at 0x59780000 of 64 bytes failed: Only part of a ReadProcessMemory or WriteProcessMemory request was completed. (0x12B)
[0102/202910.528:WARNING:pe_image_reader.cc(281)] could not read dos header from C:\Program Files (x86)\Google\Chrome\Application\56.0.2924.87\chrome_elf.dll
[0102/202910.528:ERROR:process_reader_win.cc(233)] ReadMemory at 0x775c0000 of 64 bytes failed: Only part of a ReadProcessMemory or WriteProcessMemory request was completed. (0x12B)
[0102/202910.528:WARNING:pe_image_reader.cc(281)] could not read dos header from C:\WINDOWS\System32\PSAPI.DLL
[0102/202910.528:ERROR:process_reader_win.cc(233)] ReadMemory at 0x740a0000 of 64 bytes failed: Only part of a ReadProcessMemory or WriteProcessMemory request was completed. (0x12B)
[0102/202910.528:WARNING:pe_image_reader.cc(281)] could not read dos header from C:\WINDOWS\SYSTEM32\WTSAPI32.dll
[0102/202910.528:ERROR:process_reader_win.cc(233)] ReadMemory at 0x6f230000 of 64 bytes failed: Only part of a ReadProcessMemory or WriteProcessMemory request was completed. (0x12B)
[0102/202910.528:WARNING:pe_image_reader.cc(281)] could not read dos header from C:\WINDOWS\SYSTEM32\WINHTTP.dll
[0102/202910.528:ERROR:process_reader_win.cc(233)] ReadMemory at 0x67e50000 of 64 bytes failed: Only part of a ReadProcessMemory or WriteProcessMemory request was completed. (0x12B)
[0102/202910.528:WARNING:pe_image_reader.cc(281)] could not read dos header from C:\WINDOWS\SYSTEM32\ninput.dll
[0102/202910.528:ERROR:process_reader_win.cc(233)] ReadMemory at 0x77540000 of 64 bytes failed: Only part of a ReadProcessMemory or WriteProcessMemory request was completed. (0x12B)
[0102/202910.528:WARNING:pe_image_reader.cc(281)] could not read dos header from C:\WINDOWS\System32\WS2_32.dll
[0102/202910.528:ERROR:process_reader_win.cc(233)] ReadMemory at 0x74110000 of 64 bytes failed: Only part of a ReadProcessMemory or WriteProcessMemory request was completed. (0x12B)
[0102/202910.528:WARNING:pe_image_reader.cc(281)] could not read dos header from C:\WINDOWS\SYSTEM32\NETAPI32.dll
[0102/202910.528:ERROR:process_reader_win.cc(233)] ReadMemory at 0x73d80000 of 64 bytes failed: Only part of a ReadProcessMemory or WriteProcessMemory request was completed. (0x12B)
[0102/202910.528:WARNING:pe_image_reader.cc(281)] could not read dos header from C:\WINDOWS\SYSTEM32\WKSCLI.DLL
[0102/202910.528:ERROR:process_reader_win.cc(233)] ReadMemory at 0x73d70000 of 64 bytes failed: Only part of a ReadProcessMemory or WriteProcessMemory request was completed. (0x12B)
[0102/202910.528:WARNING:pe_image_reader.cc(281)] could not read dos header from C:\WINDOWS\SYSTEM32\NETUTILS.DLL
[0102/202910.528:ERROR:process_reader_win.cc(233)] ReadMemory at 0x66a70000 of 64 bytes failed: Only part of a ReadProcessMemory or WriteProcessMemory request was completed. (0x12B)
[0102/202910.528:WARNING:pe_image_reader.cc(281)] could not read dos header from D:\Program Files (x86)\360\360safe\safemon\safemon.dll
[0102/202910.528:ERROR:process_reader_win.cc(233)] ReadMemory at 0x5ddf0000 of 64 bytes failed: Only part of a ReadProcessMemory or WriteProcessMemory request was completed. (0x12B)
[0102/202910.528:WARNING:pe_image_reader.cc(281)] could not read dos header from D:\Program Files (x86)\360\360safe\safemon\iNetSafe.dll
[0102/202910.528:ERROR:process_reader_win.cc(233)] ReadMemory at 0x73d90000 of 64 bytes failed: Only part of a ReadProcessMemory or WriteProcessMemory request was completed. (0x12B)
[0102/202910.528:WARNING:pe_image_reader.cc(281)] could not read dos header from C:\WINDOWS\WinSxS\x86_microsoft.windows.common-controls_6595b64144ccf1df_6.0.14393.447_none_89c64d28dafea4b9\COMCTL32.dll
[0102/202910.528:ERROR:process_reader_win.cc(233)] ReadMemory at 0x76370000 of 64 bytes failed: Only part of a ReadProcessMemory or WriteProcessMemory request was completed. (0x12B)
[0102/202910.528:WARNING:pe_image_reader.cc(281)] could not read dos header from C:\WINDOWS\System32\COMDLG32.dll
[0102/202910.528:ERROR:process_reader_win.cc(233)] ReadMemory at 0x6fb20000 of 64 bytes failed: Only part of a ReadProcessMemory or WriteProcessMemory request was completed. (0x12B)
[0102/202910.528:WARNING:pe_image_reader.cc(281)] could not read dos header from C:\WINDOWS\SYSTEM32\dbghelp.dll
[0102/202910.528:ERROR:process_reader_win.cc(233)] ReadMemory at 0x77470000 of 64 bytes failed: Only part of a ReadProcessMemory or WriteProcessMemory request was completed. (0x12B)
[0102/202910.528:WARNING:pe_image_reader.cc(281)] could not read dos header from C:\WINDOWS\System32\USP10.dll
[0102/202910.528:ERROR:process_reader_win.cc(233)] ReadMemory at 0x741e0000 of 64 bytes failed: Only part of a ReadProcessMemory or WriteProcessMemory request was completed. (0x12B)
[0102/202910.528:WARNING:pe_image_reader.cc(281)] could not read dos header from C:\WINDOWS\SYSTEM32\IPHLPAPI.DLL
[0102/202910.529:ERROR:process_reader_win.cc(233)] ReadMemory at 0x73790000 of 64 bytes failed: Only part of a ReadProcessMemory or WriteProcessMemory request was completed. (0x12B)
[0102/202910.529:WARNING:pe_image_reader.cc(281)] could not read dos header from C:\WINDOWS\SYSTEM32\Secur32.dll
[0102/202910.529:ERROR:process_reader_win.cc(233)] ReadMemory at 0x621b0000 of 64 bytes failed: Only part of a ReadProcessMemory or WriteProcessMemory request was completed. (0x12B)
[0102/202910.529:WARNING:pe_image_reader.cc(281)] could not read dos header from C:\WINDOWS\SYSTEM32\DWrite.dll
[0102/202910.529:ERROR:process_reader_win.cc(233)] ReadMemory at 0x596d0000 of 64 bytes failed: Only part of a ReadProcessMemory or WriteProcessMemory request was completed. (0x12B)
[0102/202910.529:WARNING:pe_image_reader.cc(281)] could not read dos header from C:\WINDOWS\SYSTEM32\FONTSUB.dll
[0102/202910.529:ERROR:process_reader_win.cc(233)] ReadMemory at 0x76360000 of 64 bytes failed: Only part of a ReadProcessMemory or WriteProcessMemory request was completed. (0x12B)
[0102/202910.529:WARNING:pe_image_reader.cc(281)] could not read dos header from C:\WINDOWS\System32\MSASN1.dll
[0102/202910.529:ERROR:process_reader_win.cc(233)] ReadMemory at 0x77780000 of 64 bytes failed: Only part of a ReadProcessMemory or WriteProcessMemory request was completed. (0x12B)
[0102/202910.529:WARNING:pe_image_reader.cc(281)] could not read dos header from C:\WINDOWS\System32\CRYPT32.dll
[0102/202910.529:ERROR:process_reader_win.cc(233)] ReadMemory at 0x77410000 of 64 bytes failed: Only part of a ReadProcessMemory or WriteProcessMemory request was completed. (0x12B)
[0102/202910.529:WARNING:pe_image_reader.cc(281)] could not read dos header from C:\WINDOWS\System32\WINTRUST.dll
[0102/202910.529:ERROR:process_reader_win.cc(233)] ReadMemory at 0xf570000 of 64 bytes failed: Only part of a ReadProcessMemory or WriteProcessMemory request was completed. (0x12B)
[0102/202910.529:WARNING:pe_image_reader.cc(281)] could not read dos header from C:\Program Files (x86)\Google\Chrome\Application\56.0.2924.87\chrome_child.dll
[0102/202910.529:ERROR:process_reader_win.cc(233)] ReadMemory at 0x1100000 of 64 bytes failed: Only part of a ReadProcessMemory or WriteProcessMemory request was completed. (0x12B)
[0102/202910.529:WARNING:pe_image_reader.cc(281)] could not read dos header from C:\Program Files (x86)\Google\Chrome\Application\chrome.exe
[0102/202910.529:ERROR:process_reader_win.cc(233)] ReadMemory at 0x76110000 of 64 bytes failed: Only part of a ReadProcessMemory or WriteProcessMemory request was completed. (0x12B)
[0102/202910.529:WARNING:pe_image_reader.cc(281)] could not read dos header from C:\WINDOWS\System32\KERNELBASE.dll
[0102/202910.529:ERROR:process_reader_win.cc(233)] ReadMemory at 0x75f70000 of 64 bytes failed: Only part of a ReadProcessMemory or WriteProcessMemory request was completed. (0x12B)
[0102/202910.529:WARNING:pe_image_reader.cc(281)] could not read dos header from C:\WINDOWS\System32\KERNEL32.DLL
[0102/202910.529:ERROR:process_reader_win.cc(233)] ReadMemory at 0x58240000 of 64 bytes failed: Only part of a ReadProcessMemory or WriteProcessMemory request was completed. (0x12B)
[0102/202910.529:WARNING:pe_image_reader.cc(281)] could not read dos header from C:\WINDOWS\AppPatch\AcGenral.dll
[0102/202910.529:ERROR:process_reader_win.cc(233)] ReadMemory at 0x77b10000 of 64 bytes failed: Only part of a ReadProcessMemory or WriteProcessMemory request was completed. (0x12B)
[0102/202910.529:WARNING:pe_image_reader.cc(281)] could not read dos header from C:\WINDOWS\SYSTEM32\ntdll.dll
[0102/202910.529:ERROR:process_reader_win.cc(233)] ReadMemory at 0x62070000 of 64 bytes failed: Only part of a ReadProcessMemory or WriteProcessMemory request was completed. (0x12B)
[0102/202910.529:WARNING:pe_image_reader.cc(281)] could not read dos header from C:\WINDOWS\system32\apphelp.dll
[0102/202910.529:ERROR:process_reader_win.cc(233)] ReadMemory at 0x76050000 of 64 bytes failed: Only part of a ReadProcessMemory or WriteProcessMemory request was completed. (0x12B)
[0102/202910.529:WARNING:pe_image_reader.cc(281)] could not read dos header from C:\WINDOWS\System32\msvcrt.dll
[0102/202910.529:ERROR:process_reader_win.cc(233)] ReadMemory at 0x745d0000 of 64 bytes failed: Only part of a ReadProcessMemory or WriteProcessMemory request was completed. (0x12B)
[0102/202910.529:WARNING:pe_image_reader.cc(281)] could not read dos header from C:\WINDOWS\System32\bcryptPrimitives.dll
[0102/202910.529:ERROR:process_reader_win.cc(233)] ReadMemory at 0x745a0000 of 64 bytes failed: Only part of a ReadProcessMemory or WriteProcessMemory request was completed. (0x12B)
[0102/202910.529:WARNING:pe_image_reader.cc(281)] could not read dos header from C:\WINDOWS\System32\CRYPTBASE.dll
[0102/202910.529:ERROR:process_reader_win.cc(233)] ReadMemory at 0x745b0000 of 64 bytes failed: Only part of a ReadProcessMemory or WriteProcessMemory request was completed. (0x12B)
[0102/202910.529:WARNING:pe_image_reader.cc(281)] could not read dos header from C:\WINDOWS\System32\SspiCli.dll
[0102/202910.529:ERROR:process_reader_win.cc(233)] ReadMemory at 0x776b0000 of 64 bytes failed: Only part of a ReadProcessMemory or WriteProcessMemory request was completed. (0x12B)
[0102/202910.529:WARNING:pe_image_reader.cc(281)] could not read dos header from C:\WINDOWS\System32\RPCRT4.dll
[0102/202910.529:ERROR:process_reader_win.cc(233)] ReadMemory at 0x76dc0000 of 64 bytes failed: Only part of a ReadProcessMemory or WriteProcessMemory request was completed. (0x12B)
[0102/202910.529:WARNING:pe_image_reader.cc(281)] could not read dos header from C:\WINDOWS\System32\sechost.dll
[0102/202910.529:ERROR:process_reader_win.cc(233)] ReadMemory at 0x775d0000 of 64 bytes failed: Only part of a ReadProcessMemory or WriteProcessMemory request was completed. (0x12B)
[0102/202910.529:WARNING:pe_image_reader.cc(281)] could not read dos header from C:\WINDOWS\System32\ucrtbase.dll
[0102/202910.529:ERROR:process_reader_win.cc(233)] ReadMemory at 0x74630000 of 64 bytes failed: Only part of a ReadProcessMemory or WriteProcessMemory request was completed. (0x12B)
[0102/202910.529:WARNING:pe_image_reader.cc(281)] could not read dos header from C:\WINDOWS\System32\combase.dll
[0102/202910.529:ERROR:process_reader_win.cc(233)] ReadMemory at 0x75c30000 of 64 bytes failed: Only part of a ReadProcessMemory or WriteProcessMemory request was completed. (0x12B)
[0102/202910.529:WARNING:pe_image_reader.cc(281)] could not read dos header from C:\WINDOWS\System32\win32u.dll
[0102/202910.529:ERROR:process_reader_win.cc(233)] ReadMemory at 0x767f0000 of 64 bytes failed: Only part of a ReadProcessMemory or WriteProcessMemory request was completed. (0x12B)
[0102/202910.529:WARNING:pe_image_reader.cc(281)] could not read dos header from C:\WINDOWS\System32\USER32.dll
[0102/202910.530:ERROR:process_reader_win.cc(233)] ReadMemory at 0x75dc0000 of 64 bytes failed: Only part of a ReadProcessMemory or WriteProcessMemory request was completed. (0x12B)
[0102/202910.530:WARNING:pe_image_reader.cc(281)] could not read dos header from C:\WINDOWS\System32\gdi32full.dll
[0102/202910.530:ERROR:process_reader_win.cc(233)] ReadMemory at 0x77510000 of 64 bytes failed: Only part of a ReadProcessMemory or WriteProcessMemory request was completed. (0x12B)
[0102/202910.530:WARNING:pe_image_reader.cc(281)] could not read dos header from C:\WINDOWS\System32\GDI32.dll
[0102/202910.530:ERROR:process_reader_win.cc(233)] ReadMemory at 0x76640000 of 64 bytes failed: Only part of a ReadProcessMemory or WriteProcessMemory request was completed. (0x12B)
[0102/202910.530:WARNING:pe_image_reader.cc(281)] could not read dos header from C:\WINDOWS\System32\IMM32.DLL
[0102/202910.530:ERROR:process_reader_win.cc(233)] ReadMemory at 0x75f20000 of 64 bytes failed: Only part of a ReadProcessMemory or WriteProcessMemory request was completed. (0x12B)
[0102/202910.530:WARNING:pe_image_reader.cc(281)] could not read dos header from C:\WINDOWS\System32\SHLWAPI.dll
[0102/202910.530:ERROR:process_reader_win.cc(233)] ReadMemory at 0x73cd0000 of 64 bytes failed: Only part of a ReadProcessMemory or WriteProcessMemory request was completed. (0x12B)
[0102/202910.530:WARNING:pe_image_reader.cc(281)] could not read dos header from C:\WINDOWS\SYSTEM32\UxTheme.dll
[0102/202910.530:ERROR:process_reader_win.cc(233)] ReadMemory at 0x76e10000 of 64 bytes failed: Only part of a ReadProcessMemory or WriteProcessMemory request was completed. (0x12B)
[0102/202910.530:WARNING:pe_image_reader.cc(281)] could not read dos header from C:\WINDOWS\System32\cfgmgr32.dll
[0102/202910.530:ERROR:process_reader_win.cc(233)] ReadMemory at 0x740b0000 of 64 bytes failed: Only part of a ReadProcessMemory or WriteProcessMemory request was completed. (0x12B)
[0102/202910.530:WARNING:pe_image_reader.cc(281)] could not read dos header from C:\WINDOWS\SYSTEM32\WINMMBASE.dll
[0102/202910.530:ERROR:process_reader_win.cc(233)] ReadMemory at 0x740e0000 of 64 bytes failed: Only part of a ReadProcessMemory or WriteProcessMemory request was completed. (0x12B)
[0102/202910.530:WARNING:pe_image_reader.cc(281)] could not read dos header from C:\WINDOWS\SYSTEM32\WINMM.dll
[0102/202910.530:ERROR:process_reader_win.cc(233)] ReadMemory at 0x73680000 of 64 bytes failed: Only part of a ReadProcessMemory or WriteProcessMemory request was completed. (0x12B)
[0102/202910.530:WARNING:pe_image_reader.cc(281)] could not read dos header from C:\WINDOWS\SYSTEM32\samcli.dll
[0102/202910.530:ERROR:process_reader_win.cc(233)] ReadMemory at 0x76700000 of 64 bytes failed: Only part of a ReadProcessMemory or WriteProcessMemory request was completed. (0x12B)
[0102/202910.530:WARNING:pe_image_reader.cc(281)] could not read dos header from C:\WINDOWS\System32\ole32.dll
[0102/202910.530:ERROR:process_reader_win.cc(233)] ReadMemory at 0x77490000 of 64 bytes failed: Only part of a ReadProcessMemory or WriteProcessMemory request was completed. (0x12B)
[0102/202910.530:WARNING:pe_image_reader.cc(281)] could not read dos header from C:\WINDOWS\System32\msvcp_win.dll
[0102/202910.530:ERROR:process_reader_win.cc(233)] ReadMemory at 0x762c0000 of 64 bytes failed: Only part of a ReadProcessMemory or WriteProcessMemory request was completed. (0x12B)
[0102/202910.530:WARNING:pe_image_reader.cc(281)] could not read dos header from C:\WINDOWS\System32\OLEAUT32.dll
[0102/202910.530:ERROR:process_reader_win.cc(233)] ReadMemory at 0x75c50000 of 64 bytes failed: Only part of a ReadProcessMemory or WriteProcessMemory request was completed. (0x12B)
[0102/202910.530:WARNING:pe_image_reader.cc(281)] could not read dos header from C:\WINDOWS\System32\advapi32.dll
[0102/202910.530:ERROR:process_reader_win.cc(233)] ReadMemory at 0x6cf20000 of 64 bytes failed: Only part of a ReadProcessMemory or WriteProcessMemory request was completed. (0x12B)
[0102/202910.530:WARNING:pe_image_reader.cc(281)] could not read dos header from C:\WINDOWS\SYSTEM32\MSACM32.dll
[0102/202910.530:ERROR:process_reader_win.cc(233)] ReadMemory at 0x74130000 of 64 bytes failed: Only part of a ReadProcessMemory or WriteProcessMemory request was completed. (0x12B)
[0102/202910.530:WARNING:pe_image_reader.cc(281)] could not read dos header from C:\WINDOWS\SYSTEM32\VERSION.dll
[0102/202910.530:ERROR:process_reader_win.cc(233)] ReadMemory at 0x773c0000 of 64 bytes failed: Only part of a ReadProcessMemory or WriteProcessMemory request was completed. (0x12B)
[0102/202910.530:WARNING:pe_image_reader.cc(281)] could not read dos header from C:\WINDOWS\System32\powrprof.dll
[0102/202910.530:ERROR:process_reader_win.cc(233)] ReadMemory at 0x77900000 of 64 bytes failed: Only part of a ReadProcessMemory or WriteProcessMemory request was completed. (0x12B)
[0102/202910.530:WARNING:pe_image_reader.cc(281)] could not read dos header from C:\WINDOWS\System32\kernel.appcore.dll
[0102/202910.530:ERROR:process_reader_win.cc(233)] ReadMemory at 0x76670000 of 64 bytes failed: Only part of a ReadProcessMemory or WriteProcessMemory request was completed. (0x12B)
[0102/202910.530:WARNING:pe_image_reader.cc(281)] could not read dos header from C:\WINDOWS\System32\shcore.dll
[0102/202910.530:ERROR:process_reader_win.cc(233)] ReadMemory at 0x775b0000 of 64 bytes failed: Only part of a ReadProcessMemory or WriteProcessMemory request was completed. (0x12B)
[0102/202910.530:WARNING:pe_image_reader.cc(281)] could not read dos header from C:\WINDOWS\System32\profapi.dll
[0102/202910.530:ERROR:process_reader_win.cc(233)] ReadMemory at 0x76e50000 of 64 bytes failed: Only part of a ReadProcessMemory or WriteProcessMemory request was completed. (0x12B)
[0102/202910.530:WARNING:pe_image_reader.cc(281)] could not read dos header from C:\WINDOWS\System32\windows.storage.dll
[0102/202910.530:ERROR:process_reader_win.cc(233)] ReadMemory at 0x74850000 of 64 bytes failed: Only part of a ReadProcessMemory or WriteProcessMemory request was completed. (0x12B)
[0102/202910.530:WARNING:pe_image_reader.cc(281)] could not read dos header from C:\WINDOWS\System32\SHELL32.dll
[0102/202910.530:ERROR:process_reader_win.cc(233)] ReadMemory at 0x74580000 of 64 bytes failed: Only part of a ReadProcessMemory or WriteProcessMemory request was completed. (0x12B)
[0102/202910.530:WARNING:pe_image_reader.cc(281)] could not read dos header from C:\WINDOWS\SYSTEM32\USERENV.dll
[0102/202910.530:ERROR:process_reader_win.cc(233)] ReadMemory at 0x6c700000 of 64 bytes failed: Only part of a ReadProcessMemory or WriteProcessMemory request was completed. (0x12B)
[0102/202910.530:WARNING:pe_image_reader.cc(281)] could not read dos header from C:\WINDOWS\SYSTEM32\dwmapi.dll
[0102/202910.530:ERROR:process_reader_win.cc(233)] ReadMemory at 0x6cad0000 of 64 bytes failed: Only part of a ReadProcessMemory or WriteProcessMemory request was completed. (0x12B)
[0102/202910.530:WARNING:pe_image_reader.cc(281)] could not read dos header from C:\WINDOWS\SYSTEM32\iertutil.dll
[0102/202910.531:ERROR:process_reader_win.cc(233)] ReadMemory at 0x6c920000 of 64 bytes failed: Only part of a ReadProcessMemory or WriteProcessMemory request was completed. (0x12B)
[0102/202910.531:WARNING:pe_image_reader.cc(281)] could not read dos header from C:\WINDOWS\SYSTEM32\urlmon.dll
[0102/202910.531:ERROR:process_reader_win.cc(233)] ReadMemory at 0x73d50000 of 64 bytes failed: Only part of a ReadProcessMemory or WriteProcessMemory request was completed. (0x12B)
[0102/202910.531:WARNING:pe_image_reader.cc(281)] could not read dos header from C:\WINDOWS\SYSTEM32\bcrypt.dll
[0102/202910.531:ERROR:process_reader_win.cc(233)] ReadMemory at 0x6f2d0000 of 64 bytes failed: Only part of a ReadProcessMemory or WriteProcessMemory request was completed. (0x12B)
[0102/202910.531:WARNING:pe_image_reader.cc(281)] could not read dos header from C:\WINDOWS\SYSTEM32\WINSPOOL.DRV
[0102/202910.531:ERROR:process_reader_win.cc(233)] ReadMemory at 0x701e0000 of 64 bytes failed: Only part of a ReadProcessMemory or WriteProcessMemory request was completed. (0x12B)
[0102/202910.531:WARNING:pe_image_reader.cc(281)] could not read dos header from C:\WINDOWS\SYSTEM32\MPR.dll
[0102/202910.531:ERROR:process_reader_win.cc(233)] ReadMemory at 0x59780000 of 64 bytes failed: Only part of a ReadProcessMemory or WriteProcessMemory request was completed. (0x12B)
[0102/202910.531:WARNING:pe_image_reader.cc(281)] could not read dos header from C:\Program Files (x86)\Google\Chrome\Application\56.0.2924.87\chrome_elf.dll
[0102/202910.531:ERROR:process_reader_win.cc(233)] ReadMemory at 0x775c0000 of 64 bytes failed: Only part of a ReadProcessMemory or WriteProcessMemory request was completed. (0x12B)
[0102/202910.531:WARNING:pe_image_reader.cc(281)] could not read dos header from C:\WINDOWS\System32\PSAPI.DLL
[0102/202910.531:ERROR:process_reader_win.cc(233)] ReadMemory at 0x740a0000 of 64 bytes failed: Only part of a ReadProcessMemory or WriteProcessMemory request was completed. (0x12B)
[0102/202910.531:WARNING:pe_image_reader.cc(281)] could not read dos header from C:\WINDOWS\SYSTEM32\WTSAPI32.dll
[0102/202910.531:ERROR:process_reader_win.cc(233)] ReadMemory at 0x6f230000 of 64 bytes failed: Only part of a ReadProcessMemory or WriteProcessMemory request was completed. (0x12B)
[0102/202910.531:WARNING:pe_image_reader.cc(281)] could not read dos header from C:\WINDOWS\SYSTEM32\WINHTTP.dll
[0102/202910.531:ERROR:process_reader_win.cc(233)] ReadMemory at 0x67e50000 of 64 bytes failed: Only part of a ReadProcessMemory or WriteProcessMemory request was completed. (0x12B)
[0102/202910.531:WARNING:pe_image_reader.cc(281)] could not read dos header from C:\WINDOWS\SYSTEM32\ninput.dll
[0102/202910.531:ERROR:process_reader_win.cc(233)] ReadMemory at 0x77540000 of 64 bytes failed: Only part of a ReadProcessMemory or WriteProcessMemory request was completed. (0x12B)
[0102/202910.531:WARNING:pe_image_reader.cc(281)] could not read dos header from C:\WINDOWS\System32\WS2_32.dll
[0102/202910.531:ERROR:process_reader_win.cc(233)] ReadMemory at 0x74110000 of 64 bytes failed: Only part of a ReadProcessMemory or WriteProcessMemory request was completed. (0x12B)
[0102/202910.531:WARNING:pe_image_reader.cc(281)] could not read dos header from C:\WINDOWS\SYSTEM32\NETAPI32.dll
[0102/202910.531:ERROR:process_reader_win.cc(233)] ReadMemory at 0x73d80000 of 64 bytes failed: Only part of a ReadProcessMemory or WriteProcessMemory request was completed. (0x12B)
[0102/202910.531:WARNING:pe_image_reader.cc(281)] could not read dos header from C:\WINDOWS\SYSTEM32\WKSCLI.DLL
[0102/202910.531:ERROR:process_reader_win.cc(233)] ReadMemory at 0x73d70000 of 64 bytes failed: Only part of a ReadProcessMemory or WriteProcessMemory request was completed. (0x12B)
[0102/202910.531:WARNING:pe_image_reader.cc(281)] could not read dos header from C:\WINDOWS\SYSTEM32\NETUTILS.DLL
[0102/202910.531:ERROR:process_reader_win.cc(233)] ReadMemory at 0x66a70000 of 64 bytes failed: Only part of a ReadProcessMemory or WriteProcessMemory request was completed. (0x12B)
[0102/202910.531:WARNING:pe_image_reader.cc(281)] could not read dos header from D:\Program Files (x86)\360\360safe\safemon\safemon.dll
[0102/202910.531:ERROR:process_reader_win.cc(233)] ReadMemory at 0x5ddf0000 of 64 bytes failed: Only part of a ReadProcessMemory or WriteProcessMemory request was completed. (0x12B)
[0102/202910.531:WARNING:pe_image_reader.cc(281)] could not read dos header from D:\Program Files (x86)\360\360safe\safemon\iNetSafe.dll
[0102/202910.531:ERROR:process_reader_win.cc(233)] ReadMemory at 0x73d90000 of 64 bytes failed: Only part of a ReadProcessMemory or WriteProcessMemory request was completed. (0x12B)
[0102/202910.531:WARNING:pe_image_reader.cc(281)] could not read dos header from C:\WINDOWS\WinSxS\x86_microsoft.windows.common-controls_6595b64144ccf1df_6.0.14393.447_none_89c64d28dafea4b9\COMCTL32.dll
[0102/202910.531:ERROR:process_reader_win.cc(233)] ReadMemory at 0x76370000 of 64 bytes failed: Only part of a ReadProcessMemory or WriteProcessMemory request was completed. (0x12B)
[0102/202910.531:WARNING:pe_image_reader.cc(281)] could not read dos header from C:\WINDOWS\System32\COMDLG32.dll
[0102/202910.531:ERROR:process_reader_win.cc(233)] ReadMemory at 0x6fb20000 of 64 bytes failed: Only part of a ReadProcessMemory or WriteProcessMemory request was completed. (0x12B)
[0102/202910.531:WARNING:pe_image_reader.cc(281)] could not read dos header from C:\WINDOWS\SYSTEM32\dbghelp.dll
[0102/202910.531:ERROR:process_reader_win.cc(233)] ReadMemory at 0x77470000 of 64 bytes failed: Only part of a ReadProcessMemory or WriteProcessMemory request was completed. (0x12B)
[0102/202910.531:WARNING:pe_image_reader.cc(281)] could not read dos header from C:\WINDOWS\System32\USP10.dll
[0102/202910.531:ERROR:process_reader_win.cc(233)] ReadMemory at 0x741e0000 of 64 bytes failed: Only part of a ReadProcessMemory or WriteProcessMemory request was completed. (0x12B)
[0102/202910.531:WARNING:pe_image_reader.cc(281)] could not read dos header from C:\WINDOWS\SYSTEM32\IPHLPAPI.DLL
[0102/202910.531:ERROR:process_reader_win.cc(233)] ReadMemory at 0x73790000 of 64 bytes failed: Only part of a ReadProcessMemory or WriteProcessMemory request was completed. (0x12B)
[0102/202910.531:WARNING:pe_image_reader.cc(281)] could not read dos header from C:\WINDOWS\SYSTEM32\Secur32.dll
[0102/202910.531:ERROR:process_reader_win.cc(233)] ReadMemory at 0x621b0000 of 64 bytes failed: Only part of a ReadProcessMemory or WriteProcessMemory request was completed. (0x12B)
[0102/202910.531:WARNING:pe_image_reader.cc(281)] could not read dos header from C:\WINDOWS\SYSTEM32\DWrite.dll
[0102/202910.531:ERROR:process_reader_win.cc(233)] ReadMemory at 0x596d0000 of 64 bytes failed: Only part of a ReadProcessMemory or WriteProcessMemory request was completed. (0x12B)
[0102/202910.531:WARNING:pe_image_reader.cc(281)] could not read dos header from C:\WINDOWS\SYSTEM32\FONTSUB.dll
[0102/202910.531:ERROR:process_reader_win.cc(233)] ReadMemory at 0x76360000 of 64 bytes failed: Only part of a ReadProcessMemory or WriteProcessMemory request was completed. (0x12B)
[0102/202910.531:WARNING:pe_image_reader.cc(281)] could not read dos header from C:\WINDOWS\System32\MSASN1.dll
[0102/202910.531:ERROR:process_reader_win.cc(233)] ReadMemory at 0x77780000 of 64 bytes failed: Only part of a ReadProcessMemory or WriteProcessMemory request was completed. (0x12B)
[0102/202910.532:WARNING:pe_image_reader.cc(281)] could not read dos header from C:\WINDOWS\System32\CRYPT32.dll
[0102/202910.532:ERROR:process_reader_win.cc(233)] ReadMemory at 0x77410000 of 64 bytes failed: Only part of a ReadProcessMemory or WriteProcessMemory request was completed. (0x12B)
[0102/202910.532:WARNING:pe_image_reader.cc(281)] could not read dos header from C:\WINDOWS\System32\WINTRUST.dll
[0102/202910.532:ERROR:process_reader_win.cc(233)] ReadMemory at 0xf570000 of 64 bytes failed: Only part of a ReadProcessMemory or WriteProcessMemory request was completed. (0x12B)
[0102/202910.532:WARNING:pe_image_reader.cc(281)] could not read dos header from C:\Program Files (x86)\Google\Chrome\Application\56.0.2924.87\chrome_child.dll
[0102/202910.532:ERROR:process_reader_win.cc(233)] ReadMemory at 0x1100000 of 64 bytes failed: Only part of a ReadProcessMemory or WriteProcessMemory request was completed. (0x12B)
[0102/202910.532:WARNING:pe_image_reader.cc(281)] could not read dos header from C:\Program Files (x86)\Google\Chrome\Application\chrome.exe
[0102/202910.532:ERROR:process_reader_win.cc(233)] ReadMemory at 0x76110000 of 64 bytes failed: Only part of a ReadProcessMemory or WriteProcessMemory request was completed. (0x12B)
[0102/202910.532:WARNING:pe_image_reader.cc(281)] could not read dos header from C:\WINDOWS\System32\KERNELBASE.dll
[0102/202910.532:ERROR:process_reader_win.cc(233)] ReadMemory at 0x75f70000 of 64 bytes failed: Only part of a ReadProcessMemory or WriteProcessMemory request was completed. (0x12B)
[0102/202910.532:WARNING:pe_image_reader.cc(281)] could not read dos header from C:\WINDOWS\System32\KERNEL32.DLL
[0102/202910.532:ERROR:process_reader_win.cc(233)] ReadMemory at 0x58240000 of 64 bytes failed: Only part of a ReadProcessMemory or WriteProcessMemory request was completed. (0x12B)
[0102/202910.532:WARNING:pe_image_reader.cc(281)] could not read dos header from C:\WINDOWS\AppPatch\AcGenral.dll
[0102/202910.532:ERROR:process_reader_win.cc(233)] ReadMemory at 0x77b10000 of 64 bytes failed: Only part of a ReadProcessMemory or WriteProcessMemory request was completed. (0x12B)
[0102/202910.532:WARNING:pe_image_reader.cc(281)] could not read dos header from C:\WINDOWS\SYSTEM32\ntdll.dll
[0102/202910.532:ERROR:process_reader_win.cc(233)] ReadMemory at 0x62070000 of 64 bytes failed: Only part of a ReadProcessMemory or WriteProcessMemory request was completed. (0x12B)
[0102/202910.532:WARNING:pe_image_reader.cc(281)] could not read dos header from C:\WINDOWS\system32\apphelp.dll
[0102/202910.532:ERROR:process_reader_win.cc(233)] ReadMemory at 0x76050000 of 64 bytes failed: Only part of a ReadProcessMemory or WriteProcessMemory request was completed. (0x12B)
[0102/202910.532:WARNING:pe_image_reader.cc(281)] could not read dos header from C:\WINDOWS\System32\msvcrt.dll
[0102/202910.532:ERROR:process_reader_win.cc(233)] ReadMemory at 0x745d0000 of 64 bytes failed: Only part of a ReadProcessMemory or WriteProcessMemory request was completed. (0x12B)
[0102/202910.532:WARNING:pe_image_reader.cc(281)] could not read dos header from C:\WINDOWS\System32\bcryptPrimitives.dll
[0102/202910.532:ERROR:process_reader_win.cc(233)] ReadMemory at 0x745a0000 of 64 bytes failed: Only part of a ReadProcessMemory or WriteProcessMemory request was completed. (0x12B)
[0102/202910.532:WARNING:pe_image_reader.cc(281)] could not read dos header from C:\WINDOWS\System32\CRYPTBASE.dll
[0102/202910.532:ERROR:process_reader_win.cc(233)] ReadMemory at 0x745b0000 of 64 bytes failed: Only part of a ReadProcessMemory or WriteProcessMemory request was completed. (0x12B)
[0102/202910.532:WARNING:pe_image_reader.cc(281)] could not read dos header from C:\WINDOWS\System32\SspiCli.dll
[0102/202910.532:ERROR:process_reader_win.cc(233)] ReadMemory at 0x776b0000 of 64 bytes failed: Only part of a ReadProcessMemory or WriteProcessMemory request was completed. (0x12B)
[0102/202910.532:WARNING:pe_image_reader.cc(281)] could not read dos header from C:\WINDOWS\System32\RPCRT4.dll
[0102/202910.532:ERROR:process_reader_win.cc(233)] ReadMemory at 0x76dc0000 of 64 bytes failed: Only part of a ReadProcessMemory or WriteProcessMemory request was completed. (0x12B)
[0102/202910.532:WARNING:pe_image_reader.cc(281)] could not read dos header from C:\WINDOWS\System32\sechost.dll
[0102/202910.532:ERROR:process_reader_win.cc(233)] ReadMemory at 0x775d0000 of 64 bytes failed: Only part of a ReadProcessMemory or WriteProcessMemory request was completed. (0x12B)
[0102/202910.532:WARNING:pe_image_reader.cc(281)] could not read dos header from C:\WINDOWS\System32\ucrtbase.dll
[0102/202910.532:ERROR:process_reader_win.cc(233)] ReadMemory at 0x74630000 of 64 bytes failed: Only part of a ReadProcessMemory or WriteProcessMemory request was completed. (0x12B)
[0102/202910.532:WARNING:pe_image_reader.cc(281)] could not read dos header from C:\WINDOWS\System32\combase.dll
[0102/202910.532:ERROR:process_reader_win.cc(233)] ReadMemory at 0x75c30000 of 64 bytes failed: Only part of a ReadProcessMemory or WriteProcessMemory request was completed. (0x12B)
[0102/202910.532:WARNING:pe_image_reader.cc(281)] could not read dos header from C:\WINDOWS\System32\win32u.dll
[0102/202910.532:ERROR:process_reader_win.cc(233)] ReadMemory at 0x767f0000 of 64 bytes failed: Only part of a ReadProcessMemory or WriteProcessMemory request was completed. (0x12B)
[0102/202910.532:WARNING:pe_image_reader.cc(281)] could not read dos header from C:\WINDOWS\System32\USER32.dll
[0102/202910.532:ERROR:process_reader_win.cc(233)] ReadMemory at 0x75dc0000 of 64 bytes failed: Only part of a ReadProcessMemory or WriteProcessMemory request was completed. (0x12B)
[0102/202910.532:WARNING:pe_image_reader.cc(281)] could not read dos header from C:\WINDOWS\System32\gdi32full.dll
[0102/202910.532:ERROR:process_reader_win.cc(233)] ReadMemory at 0x77510000 of 64 bytes failed: Only part of a ReadProcessMemory or WriteProcessMemory request was completed. (0x12B)
[0102/202910.532:WARNING:pe_image_reader.cc(281)] could not read dos header from C:\WINDOWS\System32\GDI32.dll
[0102/202910.532:ERROR:process_reader_win.cc(233)] ReadMemory at 0x76640000 of 64 bytes failed: Only part of a ReadProcessMemory or WriteProcessMemory request was completed. (0x12B)
[0102/202910.532:WARNING:pe_image_reader.cc(281)] could not read dos header from C:\WINDOWS\System32\IMM32.DLL
[0102/202910.532:ERROR:process_reader_win.cc(233)] ReadMemory at 0x75f20000 of 64 bytes failed: Only part of a ReadProcessMemory or WriteProcessMemory request was completed. (0x12B)
[0102/202910.532:WARNING:pe_image_reader.cc(281)] could not read dos header from C:\WINDOWS\System32\SHLWAPI.dll
[0102/202910.532:ERROR:process_reader_win.cc(233)] ReadMemory at 0x73cd0000 of 64 bytes failed: Only part of a ReadProcessMemory or WriteProcessMemory request was completed. (0x12B)
[0102/202910.532:WARNING:pe_image_reader.cc(281)] could not read dos header from C:\WINDOWS\SYSTEM32\UxTheme.dll
[0102/202910.533:ERROR:process_reader_win.cc(233)] ReadMemory at 0x76e10000 of 64 bytes failed: Only part of a ReadProcessMemory or WriteProcessMemory request was completed. (0x12B)
[0102/202910.533:WARNING:pe_image_reader.cc(281)] could not read dos header from C:\WINDOWS\System32\cfgmgr32.dll
[0102/202910.533:ERROR:process_reader_win.cc(233)] ReadMemory at 0x740b0000 of 64 bytes failed: Only part of a ReadProcessMemory or WriteProcessMemory request was completed. (0x12B)
[0102/202910.533:WARNING:pe_image_reader.cc(281)] could not read dos header from C:\WINDOWS\SYSTEM32\WINMMBASE.dll
[0102/202910.533:ERROR:process_reader_win.cc(233)] ReadMemory at 0x740e0000 of 64 bytes failed: Only part of a ReadProcessMemory or WriteProcessMemory request was completed. (0x12B)
[0102/202910.533:WARNING:pe_image_reader.cc(281)] could not read dos header from C:\WINDOWS\SYSTEM32\WINMM.dll
[0102/202910.533:ERROR:process_reader_win.cc(233)] ReadMemory at 0x73680000 of 64 bytes failed: Only part of a ReadProcessMemory or WriteProcessMemory request was completed. (0x12B)
[0102/202910.533:WARNING:pe_image_reader.cc(281)] could not read dos header from C:\WINDOWS\SYSTEM32\samcli.dll
[0102/202910.533:ERROR:process_reader_win.cc(233)] ReadMemory at 0x76700000 of 64 bytes failed: Only part of a ReadProcessMemory or WriteProcessMemory request was completed. (0x12B)
[0102/202910.533:WARNING:pe_image_reader.cc(281)] could not read dos header from C:\WINDOWS\System32\ole32.dll
[0102/202910.533:ERROR:process_reader_win.cc(233)] ReadMemory at 0x77490000 of 64 bytes failed: Only part of a ReadProcessMemory or WriteProcessMemory request was completed. (0x12B)
[0102/202910.533:WARNING:pe_image_reader.cc(281)] could not read dos header from C:\WINDOWS\System32\msvcp_win.dll
[0102/202910.533:ERROR:process_reader_win.cc(233)] ReadMemory at 0x762c0000 of 64 bytes failed: Only part of a ReadProcessMemory or WriteProcessMemory request was completed. (0x12B)
[0102/202910.533:WARNING:pe_image_reader.cc(281)] could not read dos header from C:\WINDOWS\System32\OLEAUT32.dll
[0102/202910.533:ERROR:process_reader_win.cc(233)] ReadMemory at 0x75c50000 of 64 bytes failed: Only part of a ReadProcessMemory or WriteProcessMemory request was completed. (0x12B)
[0102/202910.533:WARNING:pe_image_reader.cc(281)] could not read dos header from C:\WINDOWS\System32\advapi32.dll
[0102/202910.533:ERROR:process_reader_win.cc(233)] ReadMemory at 0x6cf20000 of 64 bytes failed: Only part of a ReadProcessMemory or WriteProcessMemory request was completed. (0x12B)
[0102/202910.533:WARNING:pe_image_reader.cc(281)] could not read dos header from C:\WINDOWS\SYSTEM32\MSACM32.dll
[0102/202910.533:ERROR:process_reader_win.cc(233)] ReadMemory at 0x74130000 of 64 bytes failed: Only part of a ReadProcessMemory or WriteProcessMemory request was completed. (0x12B)
[0102/202910.533:WARNING:pe_image_reader.cc(281)] could not read dos header from C:\WINDOWS\SYSTEM32\VERSION.dll
[0102/202910.533:ERROR:process_reader_win.cc(233)] ReadMemory at 0x773c0000 of 64 bytes failed: Only part of a ReadProcessMemory or WriteProcessMemory request was completed. (0x12B)
[0102/202910.533:WARNING:pe_image_reader.cc(281)] could not read dos header from C:\WINDOWS\System32\powrprof.dll
[0102/202910.533:ERROR:process_reader_win.cc(233)] ReadMemory at 0x77900000 of 64 bytes failed: Only part of a ReadProcessMemory or WriteProcessMemory request was completed. (0x12B)
[0102/202910.533:WARNING:pe_image_reader.cc(281)] could not read dos header from C:\WINDOWS\System32\kernel.appcore.dll
[0102/202910.533:ERROR:process_reader_win.cc(233)] ReadMemory at 0x76670000 of 64 bytes failed: Only part of a ReadProcessMemory or WriteProcessMemory request was completed. (0x12B)
[0102/202910.533:WARNING:pe_image_reader.cc(281)] could not read dos header from C:\WINDOWS\System32\shcore.dll
[0102/202910.533:ERROR:process_reader_win.cc(233)] ReadMemory at 0x775b0000 of 64 bytes failed: Only part of a ReadProcessMemory or WriteProcessMemory request was completed. (0x12B)
[0102/202910.533:WARNING:pe_image_reader.cc(281)] could not read dos header from C:\WINDOWS\System32\profapi.dll
[0102/202910.533:ERROR:process_reader_win.cc(233)] ReadMemory at 0x76e50000 of 64 bytes failed: Only part of a ReadProcessMemory or WriteProcessMemory request was completed. (0x12B)
[0102/202910.533:WARNING:pe_image_reader.cc(281)] could not read dos header from C:\WINDOWS\System32\windows.storage.dll
[0102/202910.533:ERROR:process_reader_win.cc(233)] ReadMemory at 0x74850000 of 64 bytes failed: Only part of a ReadProcessMemory or WriteProcessMemory request was completed. (0x12B)
[0102/202910.533:WARNING:pe_image_reader.cc(281)] could not read dos header from C:\WINDOWS\System32\SHELL32.dll
[0102/202910.533:ERROR:process_reader_win.cc(233)] ReadMemory at 0x74580000 of 64 bytes failed: Only part of a ReadProcessMemory or WriteProcessMemory request was completed. (0x12B)
[0102/202910.533:WARNING:pe_image_reader.cc(281)] could not read dos header from C:\WINDOWS\SYSTEM32\USERENV.dll
[0102/202910.533:ERROR:process_reader_win.cc(233)] ReadMemory at 0x6c700000 of 64 bytes failed: Only part of a ReadProcessMemory or WriteProcessMemory request was completed. (0x12B)
[0102/202910.533:WARNING:pe_image_reader.cc(281)] could not read dos header from C:\WINDOWS\SYSTEM32\dwmapi.dll
[0102/202910.533:ERROR:process_reader_win.cc(233)] ReadMemory at 0x6cad0000 of 64 bytes failed: Only part of a ReadProcessMemory or WriteProcessMemory request was completed. (0x12B)
[0102/202910.533:WARNING:pe_image_reader.cc(281)] could not read dos header from C:\WINDOWS\SYSTEM32\iertutil.dll
[0102/202910.533:ERROR:process_reader_win.cc(233)] ReadMemory at 0x6c920000 of 64 bytes failed: Only part of a ReadProcessMemory or WriteProcessMemory request was completed. (0x12B)
[0102/202910.533:WARNING:pe_image_reader.cc(281)] could not read dos header from C:\WINDOWS\SYSTEM32\urlmon.dll
[0102/202910.533:ERROR:process_reader_win.cc(233)] ReadMemory at 0x73d50000 of 64 bytes failed: Only part of a ReadProcessMemory or WriteProcessMemory request was completed. (0x12B)
[0102/202910.533:WARNING:pe_image_reader.cc(281)] could not read dos header from C:\WINDOWS\SYSTEM32\bcrypt.dll
[0102/202910.533:ERROR:process_reader_win.cc(233)] ReadMemory at 0x6f2d0000 of 64 bytes failed: Only part of a ReadProcessMemory or WriteProcessMemory request was completed. (0x12B)
[0102/202910.533:WARNING:pe_image_reader.cc(281)] could not read dos header from C:\WINDOWS\SYSTEM32\WINSPOOL.DRV
[0102/202910.533:ERROR:process_reader_win.cc(233)] ReadMemory at 0x701e0000 of 64 bytes failed: Only part of a ReadProcessMemory or WriteProcessMemory request was completed. (0x12B)
[0102/202910.533:WARNING:pe_image_reader.cc(281)] could not read dos header from C:\WINDOWS\SYSTEM32\MPR.dll
[0102/202910.533:ERROR:process_reader_win.cc(233)] ReadMemory at 0x59780000 of 64 bytes failed: Only part of a ReadProcessMemory or WriteProcessMemory request was completed. (0x12B)
[0102/202910.533:WARNING:pe_image_reader.cc(281)] could not read dos header from C:\Program Files (x86)\Google\Chrome\Application\56.0.2924.87\chrome_elf.dll
[0102/202910.533:ERROR:process_reader_win.cc(233)] ReadMemory at 0x775c0000 of 64 bytes failed: Only part of a ReadProcessMemory or WriteProcessMemory request was completed. (0x12B)
[0102/202910.534:WARNING:pe_image_reader.cc(281)] could not read dos header from C:\WINDOWS\System32\PSAPI.DLL
[0102/202910.534:ERROR:process_reader_win.cc(233)] ReadMemory at 0x740a0000 of 64 bytes failed: Only part of a ReadProcessMemory or WriteProcessMemory request was completed. (0x12B)
[0102/202910.534:WARNING:pe_image_reader.cc(281)] could not read dos header from C:\WINDOWS\SYSTEM32\WTSAPI32.dll
[0102/202910.534:ERROR:process_reader_win.cc(233)] ReadMemory at 0x6f230000 of 64 bytes failed: Only part of a ReadProcessMemory or WriteProcessMemory request was completed. (0x12B)
[0102/202910.534:WARNING:pe_image_reader.cc(281)] could not read dos header from C:\WINDOWS\SYSTEM32\WINHTTP.dll
[0102/202910.534:ERROR:process_reader_win.cc(233)] ReadMemory at 0x67e50000 of 64 bytes failed: Only part of a ReadProcessMemory or WriteProcessMemory request was completed. (0x12B)
[0102/202910.534:WARNING:pe_image_reader.cc(281)] could not read dos header from C:\WINDOWS\SYSTEM32\ninput.dll
[0102/202910.534:ERROR:process_reader_win.cc(233)] ReadMemory at 0x77540000 of 64 bytes failed: Only part of a ReadProcessMemory or WriteProcessMemory request was completed. (0x12B)
[0102/202910.534:WARNING:pe_image_reader.cc(281)] could not read dos header from C:\WINDOWS\System32\WS2_32.dll
[0102/202910.534:ERROR:process_reader_win.cc(233)] ReadMemory at 0x74110000 of 64 bytes failed: Only part of a ReadProcessMemory or WriteProcessMemory request was completed. (0x12B)
[0102/202910.534:WARNING:pe_image_reader.cc(281)] could not read dos header from C:\WINDOWS\SYSTEM32\NETAPI32.dll
[0102/202910.534:ERROR:process_reader_win.cc(233)] ReadMemory at 0x73d80000 of 64 bytes failed: Only part of a ReadProcessMemory or WriteProcessMemory request was completed. (0x12B)
[0102/202910.534:WARNING:pe_image_reader.cc(281)] could not read dos header from C:\WINDOWS\SYSTEM32\WKSCLI.DLL
[0102/202910.534:ERROR:process_reader_win.cc(233)] ReadMemory at 0x73d70000 of 64 bytes failed: Only part of a ReadProcessMemory or WriteProcessMemory request was completed. (0x12B)
[0102/202910.534:WARNING:pe_image_reader.cc(281)] could not read dos header from C:\WINDOWS\SYSTEM32\NETUTILS.DLL
[0102/202910.534:ERROR:process_reader_win.cc(233)] ReadMemory at 0x66a70000 of 64 bytes failed: Only part of a ReadProcessMemory or WriteProcessMemory request was completed. (0x12B)
[0102/202910.534:WARNING:pe_image_reader.cc(281)] could not read dos header from D:\Program Files (x86)\360\360safe\safemon\safemon.dll
[0102/202910.534:ERROR:process_reader_win.cc(233)] ReadMemory at 0x5ddf0000 of 64 bytes failed: Only part of a ReadProcessMemory or WriteProcessMemory request was completed. (0x12B)
[0102/202910.534:WARNING:pe_image_reader.cc(281)] could not read dos header from D:\Program Files (x86)\360\360safe\safemon\iNetSafe.dll
[0102/202910.534:ERROR:process_reader_win.cc(233)] ReadMemory at 0x73d90000 of 64 bytes failed: Only part of a ReadProcessMemory or WriteProcessMemory request was completed. (0x12B)
[0102/202910.534:WARNING:pe_image_reader.cc(281)] could not read dos header from C:\WINDOWS\WinSxS\x86_microsoft.windows.common-controls_6595b64144ccf1df_6.0.14393.447_none_89c64d28dafea4b9\COMCTL32.dll
[0102/202910.534:ERROR:process_reader_win.cc(233)] ReadMemory at 0x76370000 of 64 bytes failed: Only part of a ReadProcessMemory or WriteProcessMemory request was completed. (0x12B)
[0102/202910.534:WARNING:pe_image_reader.cc(281)] could not read dos header from C:\WINDOWS\System32\COMDLG32.dll
[0102/202910.534:ERROR:process_reader_win.cc(233)] ReadMemory at 0x6fb20000 of 64 bytes failed: Only part of a ReadProcessMemory or WriteProcessMemory request was completed. (0x12B)
[0102/202910.534:WARNING:pe_image_reader.cc(281)] could not read dos header from C:\WINDOWS\SYSTEM32\dbghelp.dll
[0102/202910.534:ERROR:process_reader_win.cc(233)] ReadMemory at 0x77470000 of 64 bytes failed: Only part of a ReadProcessMemory or WriteProcessMemory request was completed. (0x12B)
[0102/202910.534:WARNING:pe_image_reader.cc(281)] could not read dos header from C:\WINDOWS\System32\USP10.dll
[0102/202910.534:ERROR:process_reader_win.cc(233)] ReadMemory at 0x741e0000 of 64 bytes failed: Only part of a ReadProcessMemory or WriteProcessMemory request was completed. (0x12B)
[0102/202910.534:WARNING:pe_image_reader.cc(281)] could not read dos header from C:\WINDOWS\SYSTEM32\IPHLPAPI.DLL
[0102/202910.534:ERROR:process_reader_win.cc(233)] ReadMemory at 0x73790000 of 64 bytes failed: Only part of a ReadProcessMemory or WriteProcessMemory request was completed. (0x12B)
[0102/202910.534:WARNING:pe_image_reader.cc(281)] could not read dos header from C:\WINDOWS\SYSTEM32\Secur32.dll
[0102/202910.534:ERROR:process_reader_win.cc(233)] ReadMemory at 0x621b0000 of 64 bytes failed: Only part of a ReadProcessMemory or WriteProcessMemory request was completed. (0x12B)
[0102/202910.534:WARNING:pe_image_reader.cc(281)] could not read dos header from C:\WINDOWS\SYSTEM32\DWrite.dll
[0102/202910.534:ERROR:process_reader_win.cc(233)] ReadMemory at 0x596d0000 of 64 bytes failed: Only part of a ReadProcessMemory or WriteProcessMemory request was completed. (0x12B)
[0102/202910.534:WARNING:pe_image_reader.cc(281)] could not read dos header from C:\WINDOWS\SYSTEM32\FONTSUB.dll
[0102/202910.534:ERROR:process_reader_win.cc(233)] ReadMemory at 0x76360000 of 64 bytes failed: Only part of a ReadProcessMemory or WriteProcessMemory request was completed. (0x12B)
[0102/202910.534:WARNING:pe_image_reader.cc(281)] could not read dos header from C:\WINDOWS\System32\MSASN1.dll
[0102/202910.534:ERROR:process_reader_win.cc(233)] ReadMemory at 0x77780000 of 64 bytes failed: Only part of a ReadProcessMemory or WriteProcessMemory request was completed. (0x12B)
[0102/202910.534:WARNING:pe_image_reader.cc(281)] could not read dos header from C:\WINDOWS\System32\CRYPT32.dll
[0102/202910.534:ERROR:process_reader_win.cc(233)] ReadMemory at 0x77410000 of 64 bytes failed: Only part of a ReadProcessMemory or WriteProcessMemory request was completed. (0x12B)
[0102/202910.534:WARNING:pe_image_reader.cc(281)] could not read dos header from C:\WINDOWS\System32\WINTRUST.dll
[0102/202910.534:ERROR:process_reader_win.cc(233)] ReadMemory at 0xf570000 of 64 bytes failed: Only part of a ReadProcessMemory or WriteProcessMemory request was completed. (0x12B)
[0102/202910.534:WARNING:pe_image_reader.cc(281)] could not read dos header from C:\Program Files (x86)\Google\Chrome\Application\56.0.2924.87\chrome_child.dll
[0102/202910.564:ERROR:process_reader_win.cc(233)] ReadMemory at 0x8fb000 of 20480 bytes failed: Only part of a ReadProcessMemory or WriteProcessMemory request was completed. (0x12B)
[0102/202910.564:ERROR:crash_report_exception_handler.cc(111)] WriteEverything failed
[0102/202910.565:ERROR:scoped_process_suspend.cc(38)] NtResumeProcess: An attempt was made to access an exiting process.  (0xc000010a)
[0102/211653.390:ERROR:process_reader_win.cc(142)] SuspendThread: Access is denied. (0x5)
[0102/211653.390:ERROR:process_reader_win.cc(142)] SuspendThread: Access is denied. (0x5)
[0102/211653.612:ERROR:process_reader_win.cc(142)] SuspendThread: Access is denied. (0x5)
[0102/211653.612:ERROR:process_reader_win.cc(142)] SuspendThread: Access is denied. (0x5)
